This is pdfTeX, Version 3.14159265-2.6-1.40.16 (TeX Live 2015/Debian) (preloaded format=pdflatex 2018.10.30)  26 NOV 2018 23:44
entering extended mode
 restricted \write18 enabled.
 %&-line parsing enabled.
**report.tex
(./report.tex
LaTeX2e <2016/02/01>
Babel <3.9q> and hyphenation patterns for 6 language(s) loaded.
(/usr/share/texlive/texmf-dist/tex/latex/base/report.cls
Document Class: report 2014/09/29 v1.4h Standard LaTeX document class
(/usr/share/texlive/texmf-dist/tex/latex/base/size12.clo
File: size12.clo 2014/09/29 v1.4h Standard LaTeX file (size option)
)
\c@part=\count79
\c@chapter=\count80
\c@section=\count81
\c@subsection=\count82
\c@subsubsection=\count83
\c@paragraph=\count84
\c@subparagraph=\count85
\c@figure=\count86
\c@table=\count87
\abovecaptionskip=\skip41
\belowcaptionskip=\skip42
\bibindent=\dimen102
)
(/usr/share/texlive/texmf-dist/tex/latex/xcolor/xcolor.sty
Package: xcolor 2007/01/21 v2.11 LaTeX color extensions (UK)

(/usr/share/texlive/texmf-dist/tex/latex/latexconfig/color.cfg
File: color.cfg 2007/01/18 v1.5 color configuration of teTeX/TeXLive
)
Package xcolor Info: Driver file: pdftex.def on input line 225.

(/usr/share/texlive/texmf-dist/tex/latex/pdftex-def/pdftex.def
File: pdftex.def 2011/05/27 v0.06d Graphics/color for pdfTeX

(/usr/share/texlive/texmf-dist/tex/generic/oberdiek/infwarerr.sty
Package: infwarerr 2010/04/08 v1.3 Providing info/warning/error messages (HO)
)
(/usr/share/texlive/texmf-dist/tex/generic/oberdiek/ltxcmds.sty
Package: ltxcmds 2011/11/09 v1.22 LaTeX kernel commands for general use (HO)
)
\Gread@gobject=\count88
)
Package xcolor Info: Model `cmy' substituted by `cmy0' on input line 1337.
Package xcolor Info: Model `hsb' substituted by `rgb' on input line 1341.
Package xcolor Info: Model `RGB' extended on input line 1353.
Package xcolor Info: Model `HTML' substituted by `rgb' on input line 1355.
Package xcolor Info: Model `Hsb' substituted by `hsb' on input line 1356.
Package xcolor Info: Model `tHsb' substituted by `hsb' on input line 1357.
Package xcolor Info: Model `HSB' substituted by `hsb' on input line 1358.
Package xcolor Info: Model `Gray' substituted by `gray' on input line 1359.
Package xcolor Info: Model `wave' substituted by `hsb' on input line 1360.
)
(/usr/share/texlive/texmf-dist/tex/latex/pgf/frontendlayer/tikz.sty
(/usr/share/texlive/texmf-dist/tex/latex/pgf/basiclayer/pgf.sty
(/usr/share/texlive/texmf-dist/tex/latex/pgf/utilities/pgfrcs.sty
(/usr/share/texlive/texmf-dist/tex/generic/pgf/utilities/pgfutil-common.tex
\pgfutil@everybye=\toks14
\pgfutil@tempdima=\dimen103
\pgfutil@tempdimb=\dimen104

(/usr/share/texlive/texmf-dist/tex/generic/pgf/utilities/pgfutil-common-lists.t
ex)) (/usr/share/texlive/texmf-dist/tex/generic/pgf/utilities/pgfutil-latex.def
\pgfutil@abb=\box26
(/usr/share/texlive/texmf-dist/tex/latex/ms/everyshi.sty
Package: everyshi 2001/05/15 v3.00 EveryShipout Package (MS)
))
(/usr/share/texlive/texmf-dist/tex/generic/pgf/utilities/pgfrcs.code.tex
Package: pgfrcs 2015/08/07 v3.0.1a (rcs-revision 1.31)
))
Package: pgf 2015/08/07 v3.0.1a (rcs-revision 1.15)

(/usr/share/texlive/texmf-dist/tex/latex/pgf/basiclayer/pgfcore.sty
(/usr/share/texlive/texmf-dist/tex/latex/graphics/graphicx.sty
Package: graphicx 2014/10/28 v1.0g Enhanced LaTeX Graphics (DPC,SPQR)

(/usr/share/texlive/texmf-dist/tex/latex/graphics/keyval.sty
Package: keyval 2014/10/28 v1.15 key=value parser (DPC)
\KV@toks@=\toks15
)
(/usr/share/texlive/texmf-dist/tex/latex/graphics/graphics.sty
Package: graphics 2016/01/03 v1.0q Standard LaTeX Graphics (DPC,SPQR)

(/usr/share/texlive/texmf-dist/tex/latex/graphics/trig.sty
Package: trig 2016/01/03 v1.10 sin cos tan (DPC)
)
(/usr/share/texlive/texmf-dist/tex/latex/latexconfig/graphics.cfg
File: graphics.cfg 2010/04/23 v1.9 graphics configuration of TeX Live
)
Package graphics Info: Driver file: pdftex.def on input line 95.
)
\Gin@req@height=\dimen105
\Gin@req@width=\dimen106
)
(/usr/share/texlive/texmf-dist/tex/latex/pgf/systemlayer/pgfsys.sty
(/usr/share/texlive/texmf-dist/tex/generic/pgf/systemlayer/pgfsys.code.tex
Package: pgfsys 2014/07/09 v3.0.1a (rcs-revision 1.48)

(/usr/share/texlive/texmf-dist/tex/generic/pgf/utilities/pgfkeys.code.tex
\pgfkeys@pathtoks=\toks16
\pgfkeys@temptoks=\toks17

(/usr/share/texlive/texmf-dist/tex/generic/pgf/utilities/pgfkeysfiltered.code.t
ex
\pgfkeys@tmptoks=\toks18
))
\pgf@x=\dimen107
\pgf@y=\dimen108
\pgf@xa=\dimen109
\pgf@ya=\dimen110
\pgf@xb=\dimen111
\pgf@yb=\dimen112
\pgf@xc=\dimen113
\pgf@yc=\dimen114
\w@pgf@writea=\write3
\r@pgf@reada=\read1
\c@pgf@counta=\count89
\c@pgf@countb=\count90
\c@pgf@countc=\count91
\c@pgf@countd=\count92
\t@pgf@toka=\toks19
\t@pgf@tokb=\toks20
\t@pgf@tokc=\toks21
 (/usr/share/texlive/texmf-dist/tex/generic/pgf/systemlayer/pgf.cfg
File: pgf.cfg 2008/05/14  (rcs-revision 1.7)
)
Driver file for pgf: pgfsys-pdftex.def

(/usr/share/texlive/texmf-dist/tex/generic/pgf/systemlayer/pgfsys-pdftex.def
File: pgfsys-pdftex.def 2014/10/11  (rcs-revision 1.35)

(/usr/share/texlive/texmf-dist/tex/generic/pgf/systemlayer/pgfsys-common-pdf.de
f
File: pgfsys-common-pdf.def 2013/10/10  (rcs-revision 1.13)
)))
(/usr/share/texlive/texmf-dist/tex/generic/pgf/systemlayer/pgfsyssoftpath.code.
tex
File: pgfsyssoftpath.code.tex 2013/09/09  (rcs-revision 1.9)
\pgfsyssoftpath@smallbuffer@items=\count93
\pgfsyssoftpath@bigbuffer@items=\count94
)
(/usr/share/texlive/texmf-dist/tex/generic/pgf/systemlayer/pgfsysprotocol.code.
tex
File: pgfsysprotocol.code.tex 2006/10/16  (rcs-revision 1.4)
))
(/usr/share/texlive/texmf-dist/tex/generic/pgf/basiclayer/pgfcore.code.tex
Package: pgfcore 2010/04/11 v3.0.1a (rcs-revision 1.7)

(/usr/share/texlive/texmf-dist/tex/generic/pgf/math/pgfmath.code.tex
(/usr/share/texlive/texmf-dist/tex/generic/pgf/math/pgfmathcalc.code.tex
(/usr/share/texlive/texmf-dist/tex/generic/pgf/math/pgfmathutil.code.tex)
(/usr/share/texlive/texmf-dist/tex/generic/pgf/math/pgfmathparser.code.tex
\pgfmath@dimen=\dimen115
\pgfmath@count=\count95
\pgfmath@box=\box27
\pgfmath@toks=\toks22
\pgfmath@stack@operand=\toks23
\pgfmath@stack@operation=\toks24
)
(/usr/share/texlive/texmf-dist/tex/generic/pgf/math/pgfmathfunctions.code.tex
(/usr/share/texlive/texmf-dist/tex/generic/pgf/math/pgfmathfunctions.basic.code
.tex)
(/usr/share/texlive/texmf-dist/tex/generic/pgf/math/pgfmathfunctions.trigonomet
ric.code.tex)
(/usr/share/texlive/texmf-dist/tex/generic/pgf/math/pgfmathfunctions.random.cod
e.tex)
(/usr/share/texlive/texmf-dist/tex/generic/pgf/math/pgfmathfunctions.comparison
.code.tex)
(/usr/share/texlive/texmf-dist/tex/generic/pgf/math/pgfmathfunctions.base.code.
tex)
(/usr/share/texlive/texmf-dist/tex/generic/pgf/math/pgfmathfunctions.round.code
.tex)
(/usr/share/texlive/texmf-dist/tex/generic/pgf/math/pgfmathfunctions.misc.code.
tex)
(/usr/share/texlive/texmf-dist/tex/generic/pgf/math/pgfmathfunctions.integerari
thmetics.code.tex)))
(/usr/share/texlive/texmf-dist/tex/generic/pgf/math/pgfmathfloat.code.tex
\c@pgfmathroundto@lastzeros=\count96
))
(/usr/share/texlive/texmf-dist/tex/generic/pgf/basiclayer/pgfcorepoints.code.te
x
File: pgfcorepoints.code.tex 2013/10/07  (rcs-revision 1.27)
\pgf@picminx=\dimen116
\pgf@picmaxx=\dimen117
\pgf@picminy=\dimen118
\pgf@picmaxy=\dimen119
\pgf@pathminx=\dimen120
\pgf@pathmaxx=\dimen121
\pgf@pathminy=\dimen122
\pgf@pathmaxy=\dimen123
\pgf@xx=\dimen124
\pgf@xy=\dimen125
\pgf@yx=\dimen126
\pgf@yy=\dimen127
\pgf@zx=\dimen128
\pgf@zy=\dimen129
)
(/usr/share/texlive/texmf-dist/tex/generic/pgf/basiclayer/pgfcorepathconstruct.
code.tex
File: pgfcorepathconstruct.code.tex 2013/10/07  (rcs-revision 1.29)
\pgf@path@lastx=\dimen130
\pgf@path@lasty=\dimen131
)
(/usr/share/texlive/texmf-dist/tex/generic/pgf/basiclayer/pgfcorepathusage.code
.tex
File: pgfcorepathusage.code.tex 2014/11/02  (rcs-revision 1.24)
\pgf@shorten@end@additional=\dimen132
\pgf@shorten@start@additional=\dimen133
)
(/usr/share/texlive/texmf-dist/tex/generic/pgf/basiclayer/pgfcorescopes.code.te
x
File: pgfcorescopes.code.tex 2015/05/08  (rcs-revision 1.46)
\pgfpic=\box28
\pgf@hbox=\box29
\pgf@layerbox@main=\box30
\pgf@picture@serial@count=\count97
)
(/usr/share/texlive/texmf-dist/tex/generic/pgf/basiclayer/pgfcoregraphicstate.c
ode.tex
File: pgfcoregraphicstate.code.tex 2014/11/02  (rcs-revision 1.12)
\pgflinewidth=\dimen134
)
(/usr/share/texlive/texmf-dist/tex/generic/pgf/basiclayer/pgfcoretransformation
s.code.tex
File: pgfcoretransformations.code.tex 2015/08/07  (rcs-revision 1.20)
\pgf@pt@x=\dimen135
\pgf@pt@y=\dimen136
\pgf@pt@temp=\dimen137
)
(/usr/share/texlive/texmf-dist/tex/generic/pgf/basiclayer/pgfcorequick.code.tex
File: pgfcorequick.code.tex 2008/10/09  (rcs-revision 1.3)
)
(/usr/share/texlive/texmf-dist/tex/generic/pgf/basiclayer/pgfcoreobjects.code.t
ex
File: pgfcoreobjects.code.tex 2006/10/11  (rcs-revision 1.2)
)
(/usr/share/texlive/texmf-dist/tex/generic/pgf/basiclayer/pgfcorepathprocessing
.code.tex
File: pgfcorepathprocessing.code.tex 2013/09/09  (rcs-revision 1.9)
)
(/usr/share/texlive/texmf-dist/tex/generic/pgf/basiclayer/pgfcorearrows.code.te
x
File: pgfcorearrows.code.tex 2015/05/14  (rcs-revision 1.43)
\pgfarrowsep=\dimen138
)
(/usr/share/texlive/texmf-dist/tex/generic/pgf/basiclayer/pgfcoreshade.code.tex
File: pgfcoreshade.code.tex 2013/07/15  (rcs-revision 1.15)
\pgf@max=\dimen139
\pgf@sys@shading@range@num=\count98
)
(/usr/share/texlive/texmf-dist/tex/generic/pgf/basiclayer/pgfcoreimage.code.tex
File: pgfcoreimage.code.tex 2013/07/15  (rcs-revision 1.18)

(/usr/share/texlive/texmf-dist/tex/generic/pgf/basiclayer/pgfcoreexternal.code.
tex
File: pgfcoreexternal.code.tex 2014/07/09  (rcs-revision 1.21)
\pgfexternal@startupbox=\box31
))
(/usr/share/texlive/texmf-dist/tex/generic/pgf/basiclayer/pgfcorelayers.code.te
x
File: pgfcorelayers.code.tex 2013/07/18  (rcs-revision 1.7)
)
(/usr/share/texlive/texmf-dist/tex/generic/pgf/basiclayer/pgfcoretransparency.c
ode.tex
File: pgfcoretransparency.code.tex 2013/09/30  (rcs-revision 1.5)
)
(/usr/share/texlive/texmf-dist/tex/generic/pgf/basiclayer/pgfcorepatterns.code.
tex
File: pgfcorepatterns.code.tex 2013/11/07  (rcs-revision 1.5)
)))
(/usr/share/texlive/texmf-dist/tex/generic/pgf/modules/pgfmoduleshapes.code.tex
File: pgfmoduleshapes.code.tex 2014/03/21  (rcs-revision 1.35)
\pgfnodeparttextbox=\box32
) (/usr/share/texlive/texmf-dist/tex/generic/pgf/modules/pgfmoduleplot.code.tex
File: pgfmoduleplot.code.tex 2015/08/03  (rcs-revision 1.13)
)
(/usr/share/texlive/texmf-dist/tex/latex/pgf/compatibility/pgfcomp-version-0-65
.sty
Package: pgfcomp-version-0-65 2007/07/03 v3.0.1a (rcs-revision 1.7)
\pgf@nodesepstart=\dimen140
\pgf@nodesepend=\dimen141
)
(/usr/share/texlive/texmf-dist/tex/latex/pgf/compatibility/pgfcomp-version-1-18
.sty
Package: pgfcomp-version-1-18 2007/07/23 v3.0.1a (rcs-revision 1.1)
)) (/usr/share/texlive/texmf-dist/tex/latex/pgf/utilities/pgffor.sty
(/usr/share/texlive/texmf-dist/tex/latex/pgf/utilities/pgfkeys.sty
(/usr/share/texlive/texmf-dist/tex/generic/pgf/utilities/pgfkeys.code.tex))
(/usr/share/texlive/texmf-dist/tex/latex/pgf/math/pgfmath.sty
(/usr/share/texlive/texmf-dist/tex/generic/pgf/math/pgfmath.code.tex))
(/usr/share/texlive/texmf-dist/tex/generic/pgf/utilities/pgffor.code.tex
Package: pgffor 2013/12/13 v3.0.1a (rcs-revision 1.25)

(/usr/share/texlive/texmf-dist/tex/generic/pgf/math/pgfmath.code.tex)
\pgffor@iter=\dimen142
\pgffor@skip=\dimen143
\pgffor@stack=\toks25
\pgffor@toks=\toks26
))
(/usr/share/texlive/texmf-dist/tex/generic/pgf/frontendlayer/tikz/tikz.code.tex
Package: tikz 2015/08/07 v3.0.1a (rcs-revision 1.151)

(/usr/share/texlive/texmf-dist/tex/generic/pgf/libraries/pgflibraryplothandlers
.code.tex
File: pgflibraryplothandlers.code.tex 2013/08/31 v3.0.1a (rcs-revision 1.20)
\pgf@plot@mark@count=\count99
\pgfplotmarksize=\dimen144
)
\tikz@lastx=\dimen145
\tikz@lasty=\dimen146
\tikz@lastxsaved=\dimen147
\tikz@lastysaved=\dimen148
\tikzleveldistance=\dimen149
\tikzsiblingdistance=\dimen150
\tikz@figbox=\box33
\tikz@figbox@bg=\box34
\tikz@tempbox=\box35
\tikz@tempbox@bg=\box36
\tikztreelevel=\count100
\tikznumberofchildren=\count101
\tikznumberofcurrentchild=\count102
\tikz@fig@count=\count103

(/usr/share/texlive/texmf-dist/tex/generic/pgf/modules/pgfmodulematrix.code.tex
File: pgfmodulematrix.code.tex 2013/09/17  (rcs-revision 1.8)
\pgfmatrixcurrentrow=\count104
\pgfmatrixcurrentcolumn=\count105
\pgf@matrix@numberofcolumns=\count106
)
\tikz@expandcount=\count107

(/usr/share/texlive/texmf-dist/tex/generic/pgf/frontendlayer/tikz/libraries/tik
zlibrarytopaths.code.tex
File: tikzlibrarytopaths.code.tex 2008/06/17 v3.0.1a (rcs-revision 1.2)
)))
(/usr/share/texlive/texmf-dist/tex/generic/pgf/frontendlayer/tikz/libraries/tik
zlibrarycalc.code.tex
File: tikzlibrarycalc.code.tex 2013/07/15 v3.0.1a (rcs-revision 1.9)
)
(/usr/share/texlive/texmf-dist/tex/latex/tools/multicol.sty
Package: multicol 2015/08/19 v1.8n multicolumn formatting (FMi)
\c@tracingmulticols=\count108
\mult@box=\box37
\multicol@leftmargin=\dimen151
\c@unbalance=\count109
\c@collectmore=\count110
\doublecol@number=\count111
\multicoltolerance=\count112
\multicolpretolerance=\count113
\full@width=\dimen152
\page@free=\dimen153
\premulticols=\dimen154
\postmulticols=\dimen155
\multicolsep=\skip43
\multicolbaselineskip=\skip44
\partial@page=\box38
\last@line=\box39
\maxbalancingoverflow=\dimen156
\mult@rightbox=\box40
\mult@grightbox=\box41
\mult@gfirstbox=\box42
\mult@firstbox=\box43
\@tempa=\box44
\@tempa=\box45
\@tempa=\box46
\@tempa=\box47
\@tempa=\box48
\@tempa=\box49
\@tempa=\box50
\@tempa=\box51
\@tempa=\box52
\@tempa=\box53
\@tempa=\box54
\@tempa=\box55
\@tempa=\box56
\@tempa=\box57
\@tempa=\box58
\@tempa=\box59
\@tempa=\box60
\c@columnbadness=\count114
\c@finalcolumnbadness=\count115
\last@try=\dimen157
\multicolovershoot=\dimen158
\multicolundershoot=\dimen159
\mult@nat@firstbox=\box61
\colbreak@box=\box62
\mc@col@check@num=\count116
) (./titletoc.sty
Package: titletoc 2011/12/15 v1.6 TOC entries
\ttl@leftsep=\dimen160
)
(/usr/share/texlive/texmf-dist/tex/latex/ms/ragged2e.sty
Package: ragged2e 2009/05/21 v2.1 ragged2e Package (MS)

(/usr/share/texlive/texmf-dist/tex/latex/ms/everysel.sty
Package: everysel 2011/10/28 v1.2 EverySelectfont Package (MS)
)
\CenteringLeftskip=\skip45
\RaggedLeftLeftskip=\skip46
\RaggedRightLeftskip=\skip47
\CenteringRightskip=\skip48
\RaggedLeftRightskip=\skip49
\RaggedRightRightskip=\skip50
\CenteringParfillskip=\skip51
\RaggedLeftParfillskip=\skip52
\RaggedRightParfillskip=\skip53
\JustifyingParfillskip=\skip54
\CenteringParindent=\skip55
\RaggedLeftParindent=\skip56
\RaggedRightParindent=\skip57
\JustifyingParindent=\skip58
)
(/usr/share/texlive/texmf-dist/tex/latex/fancyhdr/fancyhdr.sty
\fancy@headwidth=\skip59
\f@ncyO@elh=\skip60
\f@ncyO@erh=\skip61
\f@ncyO@olh=\skip62
\f@ncyO@orh=\skip63
\f@ncyO@elf=\skip64
\f@ncyO@erf=\skip65
\f@ncyO@olf=\skip66
\f@ncyO@orf=\skip67
)
(/usr/share/texlive/texmf-dist/tex/latex/url/url.sty
\Urlmuskip=\muskip10
Package: url 2013/09/16  ver 3.4  Verb mode for urls, etc.
)
(/usr/share/texlive/texmf-dist/tex/latex/tools/verbatim.sty
Package: verbatim 2014/10/28 v1.5q LaTeX2e package for verbatim enhancements
\every@verbatim=\toks27
\verbatim@line=\toks28
\verbatim@in@stream=\read2
)
(/usr/share/texlive/texmf-dist/tex/latex/base/inputenc.sty
Package: inputenc 2015/03/17 v1.2c Input encoding file
\inpenc@prehook=\toks29
\inpenc@posthook=\toks30

(/usr/share/texlive/texmf-dist/tex/latex/base/utf8.def
File: utf8.def 2015/12/03 v1.1r UTF-8 support for inputenc
Now handling font encoding OML ...
... no UTF-8 mapping file for font encoding OML
Now handling font encoding T1 ...
... processing UTF-8 mapping file for font encoding T1

(/usr/share/texlive/texmf-dist/tex/latex/base/t1enc.dfu
File: t1enc.dfu 2015/12/03 v1.1r UTF-8 support for inputenc
   defining Unicode char U+00A0 (decimal 160)
   defining Unicode char U+00A1 (decimal 161)
   defining Unicode char U+00A3 (decimal 163)
   defining Unicode char U+00AB (decimal 171)
   defining Unicode char U+00AD (decimal 173)
   defining Unicode char U+00BB (decimal 187)
   defining Unicode char U+00BF (decimal 191)
   defining Unicode char U+00C0 (decimal 192)
   defining Unicode char U+00C1 (decimal 193)
   defining Unicode char U+00C2 (decimal 194)
   defining Unicode char U+00C3 (decimal 195)
   defining Unicode char U+00C4 (decimal 196)
   defining Unicode char U+00C5 (decimal 197)
   defining Unicode char U+00C6 (decimal 198)
   defining Unicode char U+00C7 (decimal 199)
   defining Unicode char U+00C8 (decimal 200)
   defining Unicode char U+00C9 (decimal 201)
   defining Unicode char U+00CA (decimal 202)
   defining Unicode char U+00CB (decimal 203)
   defining Unicode char U+00CC (decimal 204)
   defining Unicode char U+00CD (decimal 205)
   defining Unicode char U+00CE (decimal 206)
   defining Unicode char U+00CF (decimal 207)
   defining Unicode char U+00D0 (decimal 208)
   defining Unicode char U+00D1 (decimal 209)
   defining Unicode char U+00D2 (decimal 210)
   defining Unicode char U+00D3 (decimal 211)
   defining Unicode char U+00D4 (decimal 212)
   defining Unicode char U+00D5 (decimal 213)
   defining Unicode char U+00D6 (decimal 214)
   defining Unicode char U+00D8 (decimal 216)
   defining Unicode char U+00D9 (decimal 217)
   defining Unicode char U+00DA (decimal 218)
   defining Unicode char U+00DB (decimal 219)
   defining Unicode char U+00DC (decimal 220)
   defining Unicode char U+00DD (decimal 221)
   defining Unicode char U+00DE (decimal 222)
   defining Unicode char U+00DF (decimal 223)
   defining Unicode char U+00E0 (decimal 224)
   defining Unicode char U+00E1 (decimal 225)
   defining Unicode char U+00E2 (decimal 226)
   defining Unicode char U+00E3 (decimal 227)
   defining Unicode char U+00E4 (decimal 228)
   defining Unicode char U+00E5 (decimal 229)
   defining Unicode char U+00E6 (decimal 230)
   defining Unicode char U+00E7 (decimal 231)
   defining Unicode char U+00E8 (decimal 232)
   defining Unicode char U+00E9 (decimal 233)
   defining Unicode char U+00EA (decimal 234)
   defining Unicode char U+00EB (decimal 235)
   defining Unicode char U+00EC (decimal 236)
   defining Unicode char U+00ED (decimal 237)
   defining Unicode char U+00EE (decimal 238)
   defining Unicode char U+00EF (decimal 239)
   defining Unicode char U+00F0 (decimal 240)
   defining Unicode char U+00F1 (decimal 241)
   defining Unicode char U+00F2 (decimal 242)
   defining Unicode char U+00F3 (decimal 243)
   defining Unicode char U+00F4 (decimal 244)
   defining Unicode char U+00F5 (decimal 245)
   defining Unicode char U+00F6 (decimal 246)
   defining Unicode char U+00F8 (decimal 248)
   defining Unicode char U+00F9 (decimal 249)
   defining Unicode char U+00FA (decimal 250)
   defining Unicode char U+00FB (decimal 251)
   defining Unicode char U+00FC (decimal 252)
   defining Unicode char U+00FD (decimal 253)
   defining Unicode char U+00FE (decimal 254)
   defining Unicode char U+00FF (decimal 255)
   defining Unicode char U+0100 (decimal 256)
   defining Unicode char U+0101 (decimal 257)
   defining Unicode char U+0102 (decimal 258)
   defining Unicode char U+0103 (decimal 259)
   defining Unicode char U+0104 (decimal 260)
   defining Unicode char U+0105 (decimal 261)
   defining Unicode char U+0106 (decimal 262)
   defining Unicode char U+0107 (decimal 263)
   defining Unicode char U+0108 (decimal 264)
   defining Unicode char U+0109 (decimal 265)
   defining Unicode char U+010A (decimal 266)
   defining Unicode char U+010B (decimal 267)
   defining Unicode char U+010C (decimal 268)
   defining Unicode char U+010D (decimal 269)
   defining Unicode char U+010E (decimal 270)
   defining Unicode char U+010F (decimal 271)
   defining Unicode char U+0110 (decimal 272)
   defining Unicode char U+0111 (decimal 273)
   defining Unicode char U+0112 (decimal 274)
   defining Unicode char U+0113 (decimal 275)
   defining Unicode char U+0114 (decimal 276)
   defining Unicode char U+0115 (decimal 277)
   defining Unicode char U+0116 (decimal 278)
   defining Unicode char U+0117 (decimal 279)
   defining Unicode char U+0118 (decimal 280)
   defining Unicode char U+0119 (decimal 281)
   defining Unicode char U+011A (decimal 282)
   defining Unicode char U+011B (decimal 283)
   defining Unicode char U+011C (decimal 284)
   defining Unicode char U+011D (decimal 285)
   defining Unicode char U+011E (decimal 286)
   defining Unicode char U+011F (decimal 287)
   defining Unicode char U+0120 (decimal 288)
   defining Unicode char U+0121 (decimal 289)
   defining Unicode char U+0122 (decimal 290)
   defining Unicode char U+0123 (decimal 291)
   defining Unicode char U+0124 (decimal 292)
   defining Unicode char U+0125 (decimal 293)
   defining Unicode char U+0128 (decimal 296)
   defining Unicode char U+0129 (decimal 297)
   defining Unicode char U+012A (decimal 298)
   defining Unicode char U+012B (decimal 299)
   defining Unicode char U+012C (decimal 300)
   defining Unicode char U+012D (decimal 301)
   defining Unicode char U+012E (decimal 302)
   defining Unicode char U+012F (decimal 303)
   defining Unicode char U+0130 (decimal 304)
   defining Unicode char U+0131 (decimal 305)
   defining Unicode char U+0132 (decimal 306)
   defining Unicode char U+0133 (decimal 307)
   defining Unicode char U+0134 (decimal 308)
   defining Unicode char U+0135 (decimal 309)
   defining Unicode char U+0136 (decimal 310)
   defining Unicode char U+0137 (decimal 311)
   defining Unicode char U+0139 (decimal 313)
   defining Unicode char U+013A (decimal 314)
   defining Unicode char U+013B (decimal 315)
   defining Unicode char U+013C (decimal 316)
   defining Unicode char U+013D (decimal 317)
   defining Unicode char U+013E (decimal 318)
   defining Unicode char U+0141 (decimal 321)
   defining Unicode char U+0142 (decimal 322)
   defining Unicode char U+0143 (decimal 323)
   defining Unicode char U+0144 (decimal 324)
   defining Unicode char U+0145 (decimal 325)
   defining Unicode char U+0146 (decimal 326)
   defining Unicode char U+0147 (decimal 327)
   defining Unicode char U+0148 (decimal 328)
   defining Unicode char U+014A (decimal 330)
   defining Unicode char U+014B (decimal 331)
   defining Unicode char U+014C (decimal 332)
   defining Unicode char U+014D (decimal 333)
   defining Unicode char U+014E (decimal 334)
   defining Unicode char U+014F (decimal 335)
   defining Unicode char U+0150 (decimal 336)
   defining Unicode char U+0151 (decimal 337)
   defining Unicode char U+0152 (decimal 338)
   defining Unicode char U+0153 (decimal 339)
   defining Unicode char U+0154 (decimal 340)
   defining Unicode char U+0155 (decimal 341)
   defining Unicode char U+0156 (decimal 342)
   defining Unicode char U+0157 (decimal 343)
   defining Unicode char U+0158 (decimal 344)
   defining Unicode char U+0159 (decimal 345)
   defining Unicode char U+015A (decimal 346)
   defining Unicode char U+015B (decimal 347)
   defining Unicode char U+015C (decimal 348)
   defining Unicode char U+015D (decimal 349)
   defining Unicode char U+015E (decimal 350)
   defining Unicode char U+015F (decimal 351)
   defining Unicode char U+0160 (decimal 352)
   defining Unicode char U+0161 (decimal 353)
   defining Unicode char U+0162 (decimal 354)
   defining Unicode char U+0163 (decimal 355)
   defining Unicode char U+0164 (decimal 356)
   defining Unicode char U+0165 (decimal 357)
   defining Unicode char U+0168 (decimal 360)
   defining Unicode char U+0169 (decimal 361)
   defining Unicode char U+016A (decimal 362)
   defining Unicode char U+016B (decimal 363)
   defining Unicode char U+016C (decimal 364)
   defining Unicode char U+016D (decimal 365)
   defining Unicode char U+016E (decimal 366)
   defining Unicode char U+016F (decimal 367)
   defining Unicode char U+0170 (decimal 368)
   defining Unicode char U+0171 (decimal 369)
   defining Unicode char U+0172 (decimal 370)
   defining Unicode char U+0173 (decimal 371)
   defining Unicode char U+0174 (decimal 372)
   defining Unicode char U+0175 (decimal 373)
   defining Unicode char U+0176 (decimal 374)
   defining Unicode char U+0177 (decimal 375)
   defining Unicode char U+0178 (decimal 376)
   defining Unicode char U+0179 (decimal 377)
   defining Unicode char U+017A (decimal 378)
   defining Unicode char U+017B (decimal 379)
   defining Unicode char U+017C (decimal 380)
   defining Unicode char U+017D (decimal 381)
   defining Unicode char U+017E (decimal 382)
   defining Unicode char U+01CD (decimal 461)
   defining Unicode char U+01CE (decimal 462)
   defining Unicode char U+01CF (decimal 463)
   defining Unicode char U+01D0 (decimal 464)
   defining Unicode char U+01D1 (decimal 465)
   defining Unicode char U+01D2 (decimal 466)
   defining Unicode char U+01D3 (decimal 467)
   defining Unicode char U+01D4 (decimal 468)
   defining Unicode char U+01E2 (decimal 482)
   defining Unicode char U+01E3 (decimal 483)
   defining Unicode char U+01E6 (decimal 486)
   defining Unicode char U+01E7 (decimal 487)
   defining Unicode char U+01E8 (decimal 488)
   defining Unicode char U+01E9 (decimal 489)
   defining Unicode char U+01EA (decimal 490)
   defining Unicode char U+01EB (decimal 491)
   defining Unicode char U+01F0 (decimal 496)
   defining Unicode char U+01F4 (decimal 500)
   defining Unicode char U+01F5 (decimal 501)
   defining Unicode char U+0218 (decimal 536)
   defining Unicode char U+0219 (decimal 537)
   defining Unicode char U+021A (decimal 538)
   defining Unicode char U+021B (decimal 539)
   defining Unicode char U+01E02 (decimal 7682)
   defining Unicode char U+01E03 (decimal 7683)
   defining Unicode char U+200C (decimal 8204)
   defining Unicode char U+2013 (decimal 8211)
   defining Unicode char U+2014 (decimal 8212)
   defining Unicode char U+2018 (decimal 8216)
   defining Unicode char U+2019 (decimal 8217)
   defining Unicode char U+201A (decimal 8218)
   defining Unicode char U+201C (decimal 8220)
   defining Unicode char U+201D (decimal 8221)
   defining Unicode char U+201E (decimal 8222)
   defining Unicode char U+2030 (decimal 8240)
   defining Unicode char U+2031 (decimal 8241)
   defining Unicode char U+2039 (decimal 8249)
   defining Unicode char U+203A (decimal 8250)
   defining Unicode char U+2423 (decimal 9251)
)
Now handling font encoding OT1 ...
... processing UTF-8 mapping file for font encoding OT1

(/usr/share/texlive/texmf-dist/tex/latex/base/ot1enc.dfu
File: ot1enc.dfu 2015/12/03 v1.1r UTF-8 support for inputenc
   defining Unicode char U+00A0 (decimal 160)
   defining Unicode char U+00A1 (decimal 161)
   defining Unicode char U+00A3 (decimal 163)
   defining Unicode char U+00AD (decimal 173)
   defining Unicode char U+00B8 (decimal 184)
   defining Unicode char U+00BF (decimal 191)
   defining Unicode char U+00C5 (decimal 197)
   defining Unicode char U+00C6 (decimal 198)
   defining Unicode char U+00D8 (decimal 216)
   defining Unicode char U+00DF (decimal 223)
   defining Unicode char U+00E6 (decimal 230)
   defining Unicode char U+00EC (decimal 236)
   defining Unicode char U+00ED (decimal 237)
   defining Unicode char U+00EE (decimal 238)
   defining Unicode char U+00EF (decimal 239)
   defining Unicode char U+00F8 (decimal 248)
   defining Unicode char U+0131 (decimal 305)
   defining Unicode char U+0141 (decimal 321)
   defining Unicode char U+0142 (decimal 322)
   defining Unicode char U+0152 (decimal 338)
   defining Unicode char U+0153 (decimal 339)
   defining Unicode char U+0174 (decimal 372)
   defining Unicode char U+0175 (decimal 373)
   defining Unicode char U+0176 (decimal 374)
   defining Unicode char U+0177 (decimal 375)
   defining Unicode char U+0218 (decimal 536)
   defining Unicode char U+0219 (decimal 537)
   defining Unicode char U+021A (decimal 538)
   defining Unicode char U+021B (decimal 539)
   defining Unicode char U+2013 (decimal 8211)
   defining Unicode char U+2014 (decimal 8212)
   defining Unicode char U+2018 (decimal 8216)
   defining Unicode char U+2019 (decimal 8217)
   defining Unicode char U+201C (decimal 8220)
   defining Unicode char U+201D (decimal 8221)
)
Now handling font encoding OMS ...
... processing UTF-8 mapping file for font encoding OMS

(/usr/share/texlive/texmf-dist/tex/latex/base/omsenc.dfu
File: omsenc.dfu 2015/12/03 v1.1r UTF-8 support for inputenc
   defining Unicode char U+00A7 (decimal 167)
   defining Unicode char U+00B6 (decimal 182)
   defining Unicode char U+00B7 (decimal 183)
   defining Unicode char U+2020 (decimal 8224)
   defining Unicode char U+2021 (decimal 8225)
   defining Unicode char U+2022 (decimal 8226)
)
Now handling font encoding OMX ...
... no UTF-8 mapping file for font encoding OMX
Now handling font encoding U ...
... no UTF-8 mapping file for font encoding U
   defining Unicode char U+00A9 (decimal 169)
   defining Unicode char U+00AA (decimal 170)
   defining Unicode char U+00AE (decimal 174)
   defining Unicode char U+00BA (decimal 186)
   defining Unicode char U+02C6 (decimal 710)
   defining Unicode char U+02DC (decimal 732)
   defining Unicode char U+200C (decimal 8204)
   defining Unicode char U+2026 (decimal 8230)
   defining Unicode char U+2122 (decimal 8482)
   defining Unicode char U+2423 (decimal 9251)
))
(/usr/share/texlive/texmf-dist/tex/latex/float/float.sty
Package: float 2001/11/08 v1.3d Float enhancements (AL)
\c@float@type=\count117
\float@exts=\toks31
\float@box=\box63
\@float@everytoks=\toks32
\@floatcapt=\box64
)
(/usr/share/texlive/texmf-dist/tex/latex/titlesec/titlesec.sty
Package: titlesec 2016/03/15 v2.10.1 Sectioning titles
\ttl@box=\box65
\beforetitleunit=\skip68
\aftertitleunit=\skip69
\ttl@plus=\dimen161
\ttl@minus=\dimen162
\ttl@toksa=\toks33
\titlewidth=\dimen163
\titlewidthlast=\dimen164
\titlewidthfirst=\dimen165
)
(/usr/share/texlive/texmf-dist/tex/latex/listings/listings.sty
\lst@mode=\count118
\lst@gtempboxa=\box66
\lst@token=\toks34
\lst@length=\count119
\lst@currlwidth=\dimen166
\lst@column=\count120
\lst@pos=\count121
\lst@lostspace=\dimen167
\lst@width=\dimen168
\lst@newlines=\count122
\lst@lineno=\count123
\lst@maxwidth=\dimen169

(/usr/share/texlive/texmf-dist/tex/latex/listings/lstmisc.sty
File: lstmisc.sty 2015/06/04 1.6 (Carsten Heinz)
\c@lstnumber=\count124
\lst@skipnumbers=\count125
\lst@framebox=\box67
)
(/usr/share/texlive/texmf-dist/tex/latex/listings/listings.cfg
File: listings.cfg 2015/06/04 1.6 listings configuration
))
Package: listings 2015/06/04 1.6 (Carsten Heinz)

(/usr/share/texlive/texmf-dist/tex/latex/listings/lstlang1.sty
File: lstlang1.sty 2015/06/04 1.6 listings language file
)
(/usr/share/texlive/texmf-dist/tex/latex/hyperref/hyperref.sty
Package: hyperref 2012/11/06 v6.83m Hypertext links for LaTeX

(/usr/share/texlive/texmf-dist/tex/generic/oberdiek/hobsub-hyperref.sty
Package: hobsub-hyperref 2012/05/28 v1.13 Bundle oberdiek, subset hyperref (HO)


(/usr/share/texlive/texmf-dist/tex/generic/oberdiek/hobsub-generic.sty
Package: hobsub-generic 2012/05/28 v1.13 Bundle oberdiek, subset generic (HO)
Package: hobsub 2012/05/28 v1.13 Construct package bundles (HO)
Package hobsub Info: Skipping package `infwarerr' (already loaded).
Package hobsub Info: Skipping package `ltxcmds' (already loaded).
Package: ifluatex 2010/03/01 v1.3 Provides the ifluatex switch (HO)
Package ifluatex Info: LuaTeX not detected.
Package: ifvtex 2010/03/01 v1.5 Detect VTeX and its facilities (HO)
Package ifvtex Info: VTeX not detected.
Package: intcalc 2007/09/27 v1.1 Expandable calculations with integers (HO)
Package: ifpdf 2011/01/30 v2.3 Provides the ifpdf switch (HO)
Package ifpdf Info: pdfTeX in PDF mode is detected.
Package: etexcmds 2011/02/16 v1.5 Avoid name clashes with e-TeX commands (HO)
Package etexcmds Info: Could not find \expanded.
(etexcmds)             That can mean that you are not using pdfTeX 1.50 or
(etexcmds)             that some package has redefined \expanded.
(etexcmds)             In the latter case, load this package earlier.
Package: kvsetkeys 2012/04/25 v1.16 Key value parser (HO)
Package: kvdefinekeys 2011/04/07 v1.3 Define keys (HO)
Package: pdftexcmds 2011/11/29 v0.20 Utility functions of pdfTeX for LuaTeX (HO
)
Package pdftexcmds Info: LuaTeX not detected.
Package pdftexcmds Info: \pdf@primitive is available.
Package pdftexcmds Info: \pdf@ifprimitive is available.
Package pdftexcmds Info: \pdfdraftmode found.
Package: pdfescape 2011/11/25 v1.13 Implements pdfTeX's escape features (HO)
Package: bigintcalc 2012/04/08 v1.3 Expandable calculations on big integers (HO
)
Package: bitset 2011/01/30 v1.1 Handle bit-vector datatype (HO)
Package: uniquecounter 2011/01/30 v1.2 Provide unlimited unique counter (HO)
)
Package hobsub Info: Skipping package `hobsub' (already loaded).
Package: letltxmacro 2010/09/02 v1.4 Let assignment for LaTeX macros (HO)
Package: hopatch 2012/05/28 v1.2 Wrapper for package hooks (HO)
Package: xcolor-patch 2011/01/30 xcolor patch
Package: atveryend 2011/06/30 v1.8 Hooks at the very end of document (HO)
Package atveryend Info: \enddocument detected (standard20110627).
Package: atbegshi 2011/10/05 v1.16 At begin shipout hook (HO)
Package: refcount 2011/10/16 v3.4 Data extraction from label references (HO)
Package: hycolor 2011/01/30 v1.7 Color options for hyperref/bookmark (HO)
)
(/usr/share/texlive/texmf-dist/tex/generic/ifxetex/ifxetex.sty
Package: ifxetex 2010/09/12 v0.6 Provides ifxetex conditional
)
(/usr/share/texlive/texmf-dist/tex/latex/oberdiek/auxhook.sty
Package: auxhook 2011/03/04 v1.3 Hooks for auxiliary files (HO)
)
(/usr/share/texlive/texmf-dist/tex/latex/oberdiek/kvoptions.sty
Package: kvoptions 2011/06/30 v3.11 Key value format for package options (HO)
)
\@linkdim=\dimen170
\Hy@linkcounter=\count126
\Hy@pagecounter=\count127

(/usr/share/texlive/texmf-dist/tex/latex/hyperref/pd1enc.def
File: pd1enc.def 2012/11/06 v6.83m Hyperref: PDFDocEncoding definition (HO)
Now handling font encoding PD1 ...
... no UTF-8 mapping file for font encoding PD1
)
\Hy@SavedSpaceFactor=\count128

(/usr/share/texlive/texmf-dist/tex/latex/latexconfig/hyperref.cfg
File: hyperref.cfg 2002/06/06 v1.2 hyperref configuration of TeXLive
)
Package hyperref Info: Option `bookmarks' set `true' on input line 4319.
Package hyperref Info: Option `colorlinks' set `false' on input line 4319.
Package hyperref Info: Hyper figures OFF on input line 4443.
Package hyperref Info: Link nesting OFF on input line 4448.
Package hyperref Info: Hyper index ON on input line 4451.
Package hyperref Info: Plain pages OFF on input line 4458.
Package hyperref Info: Backreferencing OFF on input line 4463.
Package hyperref Info: Implicit mode ON; LaTeX internals redefined.
Package hyperref Info: Bookmarks ON on input line 4688.
\c@Hy@tempcnt=\count129
LaTeX Info: Redefining \url on input line 5041.
\XeTeXLinkMargin=\dimen171
\Fld@menulength=\count130
\Field@Width=\dimen172
\Fld@charsize=\dimen173
Package hyperref Info: Hyper figures OFF on input line 6295.
Package hyperref Info: Link nesting OFF on input line 6300.
Package hyperref Info: Hyper index ON on input line 6303.
Package hyperref Info: backreferencing OFF on input line 6310.
Package hyperref Info: Link coloring OFF on input line 6315.
Package hyperref Info: Link coloring with OCG OFF on input line 6320.
Package hyperref Info: PDF/A mode OFF on input line 6325.
LaTeX Info: Redefining \ref on input line 6365.
LaTeX Info: Redefining \pageref on input line 6369.
\Hy@abspage=\count131
\c@Item=\count132
\c@Hfootnote=\count133
)

Package hyperref Message: Driver (autodetected): hpdftex.

(/usr/share/texlive/texmf-dist/tex/latex/hyperref/hpdftex.def
File: hpdftex.def 2012/11/06 v6.83m Hyperref driver for pdfTeX
\Fld@listcount=\count134
\c@bookmark@seq@number=\count135

(/usr/share/texlive/texmf-dist/tex/latex/oberdiek/rerunfilecheck.sty
Package: rerunfilecheck 2011/04/15 v1.7 Rerun checks for auxiliary files (HO)
Package uniquecounter Info: New unique counter `rerunfilecheck' on input line 2
82.
)
\Hy@SectionHShift=\skip70
)
(/usr/share/texlive/texmf-dist/tex/latex/etoolbox/etoolbox.sty
Package: etoolbox 2015/08/02 v2.2a e-TeX tools for LaTeX (JAW)
\etb@tempcnta=\count136
)
\FHoffset=\skip71

(/usr/share/texlive/texmf-dist/tex/latex/geometry/geometry.sty
Package: geometry 2010/09/12 v5.6 Page Geometry
\Gm@cnth=\count137
\Gm@cntv=\count138
\c@Gm@tempcnt=\count139
\Gm@bindingoffset=\dimen174
\Gm@wd@mp=\dimen175
\Gm@odd@mp=\dimen176
\Gm@even@mp=\dimen177
\Gm@layoutwidth=\dimen178
\Gm@layoutheight=\dimen179
\Gm@layouthoffset=\dimen180
\Gm@layoutvoffset=\dimen181
\Gm@dimlist=\toks35
) (./report.aux

LaTeX Warning: Label `' multiply defined.

)
\openout1 = `report.aux'.

LaTeX Font Info:    Checking defaults for OML/cmm/m/it on input line 71.
LaTeX Font Info:    ... okay on input line 71.
LaTeX Font Info:    Checking defaults for T1/cmr/m/n on input line 71.
LaTeX Font Info:    ... okay on input line 71.
LaTeX Font Info:    Checking defaults for OT1/cmr/m/n on input line 71.
LaTeX Font Info:    ... okay on input line 71.
LaTeX Font Info:    Checking defaults for OMS/cmsy/m/n on input line 71.
LaTeX Font Info:    ... okay on input line 71.
LaTeX Font Info:    Checking defaults for OMX/cmex/m/n on input line 71.
LaTeX Font Info:    ... okay on input line 71.
LaTeX Font Info:    Checking defaults for U/cmr/m/n on input line 71.
LaTeX Font Info:    ... okay on input line 71.
LaTeX Font Info:    Checking defaults for PD1/pdf/m/n on input line 71.
LaTeX Font Info:    ... okay on input line 71.
 (/usr/share/texlive/texmf-dist/tex/context/base/supp-pdf.mkii
[Loading MPS to PDF converter (version 2006.09.02).]
\scratchcounter=\count140
\scratchdimen=\dimen182
\scratchbox=\box68
\nofMPsegments=\count141
\nofMParguments=\count142
\everyMPshowfont=\toks36
\MPscratchCnt=\count143
\MPscratchDim=\dimen183
\MPnumerator=\count144
\makeMPintoPDFobject=\count145
\everyMPtoPDFconversion=\toks37
) ABD: EveryShipout initializing macros
(/usr/share/texlive/texmf-dist/tex/latex/oberdiek/epstopdf-base.sty
Package: epstopdf-base 2010/02/09 v2.5 Base part for package epstopdf

(/usr/share/texlive/texmf-dist/tex/latex/oberdiek/grfext.sty
Package: grfext 2010/08/19 v1.1 Manage graphics extensions (HO)
)
Package grfext Info: Graphics extension search list:
(grfext)             [.png,.pdf,.jpg,.mps,.jpeg,.jbig2,.jb2,.PNG,.PDF,.JPG,.JPE
G,.JBIG2,.JB2,.eps]
(grfext)             \AppendGraphicsExtensions on input line 452.

(/usr/share/texlive/texmf-dist/tex/latex/latexconfig/epstopdf-sys.cfg
File: epstopdf-sys.cfg 2010/07/13 v1.3 Configuration of (r)epstopdf for TeX Liv
e
))
ABD: EverySelectfont initializing macros
LaTeX Info: Redefining \selectfont on input line 71.
\c@lstlisting=\count146
\AtBeginShipoutBox=\box69
Package hyperref Info: Link coloring OFF on input line 71.

(/usr/share/texlive/texmf-dist/tex/latex/hyperref/nameref.sty
Package: nameref 2012/10/27 v2.43 Cross-referencing by name of section

(/usr/share/texlive/texmf-dist/tex/generic/oberdiek/gettitlestring.sty
Package: gettitlestring 2010/12/03 v1.4 Cleanup title references (HO)
)
\c@section@level=\count147
)
LaTeX Info: Redefining \ref on input line 71.
LaTeX Info: Redefining \pageref on input line 71.
LaTeX Info: Redefining \nameref on input line 71.

(./report.out) (./report.out)
\@outlinefile=\write4
\openout4 = `report.out'.


*geometry* driver: auto-detecting
*geometry* detected driver: pdftex
*geometry* verbose mode - [ preamble ] result:
* driver: pdftex
* paper: <default>
* layout: <same size as paper>
* layoutoffset:(h,v)=(0.0pt,0.0pt)
* modes: 
* h-part:(L,W,R)=(90.3375pt, 451.68753pt, 72.26997pt)
* v-part:(T,H,B)=(54.2025pt, 686.56499pt, 54.2025pt)
* \paperwidth=614.295pt
* \paperheight=794.96999pt
* \textwidth=451.68753pt
* \textheight=686.56499pt
* \oddsidemargin=18.0675pt
* \evensidemargin=18.0675pt
* \topmargin=-55.06749pt
* \headheight=12.0pt
* \headsep=25.0pt
* \topskip=12.0pt
* \footskip=30.0pt
* \marginparwidth=44.0pt
* \marginparsep=10.0pt
* \columnsep=10.0pt
* \skip\footins=10.8pt plus 4.0pt minus 2.0pt
* \hoffset=0.0pt
* \voffset=0.0pt
* \mag=1000
* \@twocolumnfalse
* \@twosidefalse
* \@mparswitchfalse
* \@reversemarginfalse
* (1in=72.27pt=25.4mm, 1cm=28.453pt)

(./title.tex <./VTU.png, id=139, 730.73pt x 1027.84pt>
File: ./VTU.png Graphic file (type png)
 <use ./VTU.png>
Package pdftex.def Info: ./VTU.png used on input line 9.
(pdftex.def)             Requested size: 81.30045pt x 114.3488pt.
LaTeX Font Info:    External font `cmex10' loaded for size
(Font)              <12> on input line 15.
LaTeX Font Info:    External font `cmex10' loaded for size
(Font)              <8> on input line 15.
LaTeX Font Info:    External font `cmex10' loaded for size
(Font)              <6> on input line 15.

<./RNS_logo.png, id=141, 1322.9425pt x 1724.4425pt>
File: ./RNS_logo.png Graphic file (type png)
 <use ./RNS_logo.png>
Package pdftex.def Info: ./RNS_logo.png used on input line 27.
(pdftex.def)             Requested size: 85.34831pt x 85.33253pt.

[1

{/var/lib/texmf/fonts/map/pdftex/updmap/pdftex.map} <./VTU.png> <./RNS_logo.png
>]) (./certificate.tex
File: ./RNS_logo.png Graphic file (type png)
 <use ./RNS_logo.png>
Package pdftex.def Info: ./RNS_logo.png used on input line 10.
(pdftex.def)             Requested size: 85.34831pt x 85.33253pt.

Underfull \hbox (badness 10000) in paragraph at lines 20--26

 []


Underfull \hbox (badness 10000) in paragraph at lines 28--30

 []

pdfTeX warning (ext4): destination with the same identifier (name{page.1}) has 
been already used, duplicate ignored
<to be read again> 
                   \relax 
l.33 \newpage
              [1]) (./abstract.tex
Underfull \hbox (badness 10000) in paragraph at lines 7--10

 []


Underfull \hbox (badness 10000) in paragraph at lines 11--13

 []

) [2] (./acknowledgements.tex
Underfull \hbox (badness 10000) in paragraph at lines 7--14

 []


Overfull \hbox (32.68797pt too wide) in paragraph at lines 15--19
[][] 
 []

) [3] (./report.toc [4

])
\tf@toc=\write5
\openout5 = `report.toc'.

 [5] (./report.lof)
\tf@lof=\write6
\openout6 = `report.lof'.

 (./chapter1.texpdfTeX warning (ext4): destination with the same identifier (na
me{page.1}) has been already used, duplicate ignored
<to be read again> 
                   \relax 
l.1 \chapter
            {Introduction To Database Management System} [1

]
Chapter 1.
LaTeX Font Info:    Try loading font information for OMS+cmr on input line 8.
(/usr/share/texlive/texmf-dist/tex/latex/base/omscmr.fd
File: omscmr.fd 2014/09/29 v2.5h Standard LaTeX font definitions
)
LaTeX Font Info:    Font shape `OMS/cmr/m/n' in size <12> not available
(Font)              Font shape `OMS/cmsy/m/n' tried instead on input line 8.


Package Fancyhdr Warning: \headheight is too small (12.0pt): 
 Make it at least 24.64995pt.
 We now make it that large for the rest of the document.
 This may cause the page layout to be inconsistent, however.

pdfTeX warning (ext4): destination with the same identifier (name{page.2}) has 
been already used, duplicate ignored
<to be read again> 
                   \relax 
l.13 
      [2

]pdfTeX warning (ext4): destination with the same identifier (name{page.3}) has
 been already used, duplicate ignored
<to be read again> 
                   \relax 
l.24 
      [3]
Underfull \hbox (badness 10000) in paragraph at lines 28--29

 []

pdfTeX warning (ext4): destination with the same identifier (name{page.4}) has 
been already used, duplicate ignored
<to be read again> 
                   \relax 
l.40 ...n Programs and Data, and Data Abstraction}
                                                   [4]pdfTeX warning (ext4): de
stination with the same identifier (name{page.5}) has been already used, duplic
ate ignored
<to be read again> 
                   \relax 
l.50 
      [5]
Underfull \hbox (badness 10000) in paragraph at lines 57--58

 []

[6]) (./chapter2.tex
Chapter 2.

Underfull \hbox (badness 10000) in paragraph at lines 4--12

 []


Underfull \hbox (badness 10000) in paragraph at lines 14--19

 []


Underfull \hbox (badness 10000) in paragraph at lines 22--29

 []

[7

]) (./chapter3.tex [8]
Chapter 3.
<./accountUserTable.png, id=249, 501.875pt x 526.96875pt>
File: ./accountUserTable.png Graphic file (type png)

<use ./accountUserTable.png>
Package pdftex.def Info: ./accountUserTable.png used on input line 9.
(pdftex.def)             Requested size: 250.93687pt x 263.48372pt.

Underfull \hbox (badness 10000) in paragraph at lines 4--12

 []


Underfull \hbox (badness 10000) in paragraph at lines 13--16

 []

[9

 <./accountUserTable.png>] <./erd.png, id=255, 720.6925pt x 671.50874pt>
File: ./erd.png Graphic file (type png)

<use ./erd.png>
Package pdftex.def Info: ./erd.png used on input line 35.
(pdftex.def)             Requested size: 360.34537pt x 335.75356pt.
 <./rs.png, id=256, 937.5025pt x 767.86874pt>
File: ./rs.png Graphic file (type png)
 <use ./rs.png>
Package pdftex.def Info: ./rs.png used on input line 46.
(pdftex.def)             Requested size: 468.7501pt x 383.93343pt.

Overfull \hbox (17.06258pt too wide) in paragraph at lines 46--47
 [][] 
 []

[10 <./erd.png>]) (./chapter4.tex [11 <./rs.png>]
Chapter 4.
[12

] [13]) (./chapter5.tex [14]
Chapter 5.

Underfull \hbox (badness 10000) in paragraph at lines 4--5

 []


Underfull \hbox (badness 10000) in paragraph at lines 6--8

 []

) (./chapter6.tex [15

]
Chapter 6.
) (./chapter7.tex [16

]
Chapter 7.
) (./chapter8.tex [17

]
Chapter 8.

Underfull \hbox (badness 10000) in paragraph at lines 2--3

 []


Underfull \hbox (badness 10000) in paragraph at lines 11--12

 []

) (./chapter9.tex [18

]
Chapter 9.

Underfull \hbox (badness 10000) in paragraph at lines 3--4

 []


Underfull \hbox (badness 10000) in paragraph at lines 5--6

 []

) (./ref.tex [19

]
Underfull \hbox (badness 5519) in paragraph at lines 7--9
\OT1/cmr/m/n/12 Article: Stu-dent In-for-ma-tion Sys-tem: []$\OT1/cmtt/m/n/12 h
ttps : / / en . wikipedia . org / wiki /
 []

) [20


pdfTeX warning (ext4): destination with the same identifier (name{cite.}) has b
een already used, duplicate ignored

\@EveryShipout@Output ...@Org@Shipout \box \@cclv 
                                                  
l.94 \end{document}
                   pdfTeX warning (ext4): destination with the same identifier 
(name{cite.}) has been already used, duplicate ignored

\@EveryShipout@Output ...@Org@Shipout \box \@cclv 
                                                  
l.94 \end{document}
                   pdfTeX warning (ext4): destination with the same identifier 
(name{cite.}) has been already used, duplicate ignored

\@EveryShipout@Output ...@Org@Shipout \box \@cclv 
                                                  
l.94 \end{document}
                   pdfTeX warning (ext4): destination with the same identifier 
(name{cite.}) has been already used, duplicate ignored

\@EveryShipout@Output ...@Org@Shipout \box \@cclv 
                                                  
l.94 \end{document}
                   ]
Package atveryend Info: Empty hook `BeforeClearDocument' on input line 94.
Package atveryend Info: Empty hook `AfterLastShipout' on input line 94.
 (./report.aux)
Package atveryend Info: Executing hook `AtVeryEndDocument' on input line 94.
Package atveryend Info: Executing hook `AtEndAfterFileList' on input line 94.
Package rerunfilecheck Info: File `report.out' has not changed.
(rerunfilecheck)             Checksum: FD43C2CADF47C1A5C29F7CC5E54A9DBB;2274.


LaTeX Warning: There were multiply-defined labels.

Package atveryend Info: Empty hook `AtVeryVeryEnd' on input line 94.
 ) 
Here is how much of TeX's memory you used:
 18324 strings out of 494888
 332104 string characters out of 6179126
 407666 words of memory out of 5000000
 21215 multiletter control sequences out of 15000+600000
 9736 words of font info for 34 fonts, out of 8000000 for 9000
 38 hyphenation exceptions out of 8191
 55i,12n,54p,1853b,431s stack positions out of 5000i,500n,10000p,200000b,80000s
</usr/share/texlive/texmf-dist/fonts/type1/public/amsfonts/cm/cmbx10.pfb></us
r/share/texlive/texmf-dist/fonts/type1/public/amsfonts/cm/cmbx12.pfb></usr/shar
e/texlive/texmf-dist/fonts/type1/public/amsfonts/cm/cmbxti10.pfb></usr/share/te
xlive/texmf-dist/fonts/type1/public/amsfonts/cm/cmr12.pfb></usr/share/texlive/t
exmf-dist/fonts/type1/public/amsfonts/cm/cmr8.pfb></usr/share/texlive/texmf-dis
t/fonts/type1/public/amsfonts/cm/cmsy10.pfb></usr/share/texlive/texmf-dist/font
s/type1/public/amsfonts/cm/cmti12.pfb></usr/share/texlive/texmf-dist/fonts/type
1/public/amsfonts/cm/cmtt12.pfb>
Output written on report.pdf (26 pages, 1495649 bytes).
PDF statistics:
 363 PDF objects out of 1000 (max. 8388607)
 313 compressed objects within 4 object streams
 65 named destinations out of 1000 (max. 500000)
 302 words of extra memory for PDF output out of 10000 (max. 10000000)

