\BOOKMARK [0][-]{chapter.1}{Introduction To Database Management System}{}% 1
\BOOKMARK [1][-]{section.1.1}{Introduction}{chapter.1}% 2
\BOOKMARK [1][-]{section.1.2}{History of dbms }{chapter.1}% 3
\BOOKMARK [1][-]{section.1.3}{Characteristics of dbms }{chapter.1}% 4
\BOOKMARK [2][-]{subsection.1.3.1}{Self-Describing Nature of a Database System}{section.1.3}% 5
\BOOKMARK [2][-]{subsection.1.3.2}{Insulation between Programs and Data, and Data Abstraction}{section.1.3}% 6
\BOOKMARK [2][-]{subsection.1.3.3}{Support of Multiple Views of the Data}{section.1.3}% 7
\BOOKMARK [2][-]{subsection.1.3.4}{Sharing of Data and Multiuser Transaction Processing}{section.1.3}% 8
\BOOKMARK [1][-]{section.1.4}{Applications of DBMS}{chapter.1}% 9
\BOOKMARK [0][-]{chapter.2}{Requirement Analysis}{}% 10
\BOOKMARK [1][-]{section.2.1}{Hardware Requirements}{chapter.2}% 11
\BOOKMARK [1][-]{section.2.2}{Software Requirements}{chapter.2}% 12
\BOOKMARK [1][-]{section.2.3}{Functional Requirements}{chapter.2}% 13
\BOOKMARK [2][-]{subsection.2.3.1}{Major Entities}{section.2.3}% 14
\BOOKMARK [2][-]{subsection.2.3.2}{End User Requirements}{section.2.3}% 15
\BOOKMARK [0][-]{chapter.3}{Database Design}{}% 16
\BOOKMARK [1][-]{section.3.1}{Entities, Attributes and Relationships}{chapter.3}% 17
\BOOKMARK [1][-]{section.3.2}{Identify Major entities, attributes and relationships}{chapter.3}% 18
\BOOKMARK [1][-]{section.3.3}{ER Schema}{chapter.3}% 19
\BOOKMARK [1][-]{section.3.4}{Relational Schema}{chapter.3}% 20
\BOOKMARK [0][-]{chapter.4}{DESCRIPTION OF TOOLS AND TECHNOLOGIES}{}% 21
\BOOKMARK [1][-]{section.4.1}{HTML}{chapter.4}% 22
\BOOKMARK [1][-]{section.4.2}{BOOTSTRAP -A CSS FRAMEWORK}{chapter.4}% 23
\BOOKMARK [1][-]{section.4.3}{JAVASCRIPT}{chapter.4}% 24
\BOOKMARK [1][-]{section.4.4}{PYTHON}{chapter.4}% 25
\BOOKMARK [1][-]{section.4.5}{SQLITE}{chapter.4}% 26
\BOOKMARK [0][-]{chapter.5}{FLASK-SQLITE DATABASE CONNECTIVITY}{}% 27
\BOOKMARK [1][-]{section.5.1}{Database Schema}{chapter.5}% 28
\BOOKMARK [1][-]{section.5.2}{5 Steps to connect to the database in flask}{chapter.5}% 29
\BOOKMARK [0][-]{chapter.6}{Implementation}{}% 30
\BOOKMARK [0][-]{chapter.7}{Snapshots}{}% 31
\BOOKMARK [0][-]{chapter.8}{Future Enhancements}{}% 32
\BOOKMARK [0][-]{chapter.9}{Conclusion}{}% 33
